<?xml version="1.0" encoding="utf-8"?><testsuites><testsuite name="pytest" errors="0" failures="4" skipped="0" tests="6" time="0.777" timestamp="2023-06-16T07:50:44.999891" hostname="admins-MacBook-Pro.local"><testcase classname="tests.test_square" name="test_square" time="0.001"><failure message="assert (7 * 7) == 48">@pytest.mark.math
    def test_square():
        num = 7
&gt;       assert num*num == 48
E       assert (7 * 7) == 48

tests/test_square.py:14: AssertionError</failure></testcase><testcase classname="tests.test_compare" name="test_less" time="0.001" /><testcase classname="tests.test_square" name="test_sqrt" time="0.001"><failure message="assert 5.0 == 6&#10; +  where 5.0 = &lt;built-in function sqrt&gt;(25)&#10; +    where &lt;built-in function sqrt&gt; = math.sqrt">@pytest.mark.math
    def test_sqrt():
        num = 25
&gt;       assert math.sqrt(num) == 6
E       assert 5.0 == 6
E        +  where 5.0 = &lt;built-in function sqrt&gt;(25)
E        +    where &lt;built-in function sqrt&gt; = math.sqrt

tests/test_square.py:8: AssertionError</failure></testcase><testcase classname="tests.test_compare" name="test_greater" time="0.002"><failure message="assert 100 &gt; 100">@pytest.mark.math
    def test_greater():
        num = 100
&gt;       assert num &gt; 100
E       assert 100 &gt; 100

tests/test_compare.py:7: AssertionError</failure></testcase><testcase classname="tests.test_compare" name="test_greater_equal" time="0.001" /><testcase classname="tests.test_square" name="test_equality" time="0.001"><failure message="assert 10 == 11">@pytest.mark.math
    def test_equality():
&gt;       assert 10 == 11
E       assert 10 == 11

tests/test_square.py:19: AssertionError</failure></testcase></testsuite></testsuites>